<?xml version="1.0" encoding="UTF-8"?>
<!-- Generated by org.testng.reporters.JUnitXMLReporter -->
<testsuite hostname="Prince-PC" ignored="0" name="Test" tests="1" failures="1" timestamp="23 Mar 2020 12:26:46 GMT" time="0.118" errors="0">
  <testcase name="EnvironmentSetup" time="0.082" classname="mavenPkg.NewTest">
    <failure type="java.lang.IllegalStateException" message="The driver executable does not exist: C:\Users\Prince\workspace\MavenTest\WebDriver\chromedriver.exe">
      <![CDATA[java.lang.IllegalStateException: The driver executable does not exist: C:\Users\Prince\workspace\MavenTest\WebDriver\chromedriver.exe
	at com.google.common.base.Preconditions.checkState(Preconditions.java:585)
	at org.openqa.selenium.remote.service.DriverService.checkExecutable(DriverService.java:146)
	at org.openqa.selenium.remote.service.DriverService.findExecutable(DriverService.java:141)
	at org.openqa.selenium.chrome.ChromeDriverService.access$000(ChromeDriverService.java:35)
	at org.openqa.selenium.chrome.ChromeDriverService$Builder.findDefaultExecutable(ChromeDriverService.java:159)
	at org.openqa.selenium.remote.service.DriverService$Builder.build(DriverService.java:355)
	at org.openqa.selenium.chrome.ChromeDriverService.createDefaultService(ChromeDriverService.java:94)
	at org.openqa.selenium.chrome.ChromeDriver.<init>(ChromeDriver.java:123)
	at mavenPkg.NewTest.EnvironmentSetup(NewTest.java:26)
... Removed 25 stack frames]]>
    </failure>
  </testcase> <!-- EnvironmentSetup -->
</testsuite> <!-- Test -->
